[debug] [2026-05-31T12:56:59.352Z] ----------------------------------------------------------------------
[debug] [2026-05-31T12:56:59.353Z] Command:       /Users/fuadaslam/.nvm/versions/node/v20.19.4/bin/node /Users/fuadaslam/.nvm/versions/node/v20.19.4/bin/firebase deploy --only hosting
[debug] [2026-05-31T12:56:59.353Z] CLI Version:   15.6.0
[debug] [2026-05-31T12:56:59.354Z] Platform:      darwin
[debug] [2026-05-31T12:56:59.354Z] Node Version:  v20.19.4
[debug] [2026-05-31T12:56:59.354Z] Time:          Sun May 31 2026 15:56:59 GMT+0300 (Arabian Standard Time)
[debug] [2026-05-31T12:56:59.354Z] ----------------------------------------------------------------------
[debug] 
[debug] [2026-05-31T12:57:00.192Z] > command requires scopes: ["email","openid","https://www.googleapis.com/auth/cloudplatformprojects.readonly","https://www.googleapis.com/auth/firebase","https://www.googleapis.com/auth/cloud-platform"]
[debug] [2026-05-31T12:57:00.192Z] > authorizing via signed-in user (fuadaslam07@gmail.com)
[debug] [2026-05-31T12:57:00.192Z] [iam] checking project xoviqlabs for permissions ["firebase.projects.get","firebasehosting.sites.update"]
[debug] [2026-05-31T12:57:00.193Z] Checked if tokens are valid: false, expires at: 1780228755909
[debug] [2026-05-31T12:57:00.193Z] Checked if tokens are valid: false, expires at: 1780228755909
[debug] [2026-05-31T12:57:00.193Z] > refreshing access token with scopes: []
[debug] [2026-05-31T12:57:00.194Z] >>> [apiv2][query] POST https://www.googleapis.com/oauth2/v3/token [none]
[debug] [2026-05-31T12:57:00.194Z] >>> [apiv2][body] POST https://www.googleapis.com/oauth2/v3/token [omitted]
[debug] [2026-05-31T12:57:00.715Z] <<< [apiv2][status] POST https://www.googleapis.com/oauth2/v3/token 200
[debug] [2026-05-31T12:57:00.715Z] <<< [apiv2][body] POST https://www.googleapis.com/oauth2/v3/token [omitted]
[debug] [2026-05-31T12:57:00.727Z] >>> [apiv2][query] POST https://cloudresourcemanager.googleapis.com/v1/projects/xoviqlabs:testIamPermissions [none]
[debug] [2026-05-31T12:57:00.727Z] >>> [apiv2][(partial)header] POST https://cloudresourcemanager.googleapis.com/v1/projects/xoviqlabs:testIamPermissions  x-goog-user-project=xoviqlabs
[debug] [2026-05-31T12:57:00.727Z] >>> [apiv2][body] POST https://cloudresourcemanager.googleapis.com/v1/projects/xoviqlabs:testIamPermissions {"permissions":["firebase.projects.get","firebasehosting.sites.update"]}
[debug] [2026-05-31T12:57:01.351Z] <<< [apiv2][status] POST https://cloudresourcemanager.googleapis.com/v1/projects/xoviqlabs:testIamPermissions 403
[debug] [2026-05-31T12:57:01.351Z] <<< [apiv2][body] POST https://cloudresourcemanager.googleapis.com/v1/projects/xoviqlabs:testIamPermissions {"error":{"code":403,"message":"Caller does not have required permission to use project xoviqlabs. Grant the caller the roles/serviceusage.serviceUsageConsumer role, or a custom role with the serviceusage.services.use permission, by visiting https://console.developers.google.com/iam-admin/iam?project=xoviqlabs and then retry. Propagation of the new permission may take a few minutes.","status":"PERMISSION_DENIED","details":[{"@type":"type.googleapis.com/google.rpc.ErrorInfo","reason":"USER_PROJECT_DENIED","domain":"googleapis.com","metadata":{"containerInfo":"xoviqlabs","consumer":"projects/xoviqlabs","service":"cloudresourcemanager.googleapis.com","consoleUrl":"https://console.developers.google.com/iam-admin/iam?project=xoviqlabs"}},{"@type":"type.googleapis.com/google.rpc.LocalizedMessage","locale":"en-US","message":"Caller does not have required permission to use project xoviqlabs. Grant the caller the roles/serviceusage.serviceUsageConsumer role, or a custom role with the serviceusage.services.use permission, by visiting https://console.developers.google.com/iam-admin/iam?project=xoviqlabs and then retry. Propagation of the new permission may take a few minutes."},{"@type":"type.googleapis.com/google.rpc.Help","links":[{"description":"Google developer console IAM admin","url":"https://console.developers.google.com/iam-admin/iam?project=xoviqlabs"}]}]}}
[debug] [2026-05-31T12:57:01.352Z] [iam] error while checking permissions, command may fail: Request to https://cloudresourcemanager.googleapis.com/v1/projects/xoviqlabs:testIamPermissions had HTTP Error: 403, Caller does not have required permission to use project xoviqlabs. Grant the caller the roles/serviceusage.serviceUsageConsumer role, or a custom role with the serviceusage.services.use permission, by visiting https://console.developers.google.com/iam-admin/iam?project=xoviqlabs and then retry. Propagation of the new permission may take a few minutes.
[debug] [2026-05-31T12:57:01.352Z] Checked if tokens are valid: true, expires at: 1780235819715
[debug] [2026-05-31T12:57:01.352Z] Checked if tokens are valid: true, expires at: 1780235819715
[debug] [2026-05-31T12:57:01.352Z] >>> [apiv2][query] GET https://firebase.googleapis.com/v1beta1/projects/xoviqlabs [none]
[debug] [2026-05-31T12:57:01.985Z] <<< [apiv2][status] GET https://firebase.googleapis.com/v1beta1/projects/xoviqlabs 403
[debug] [2026-05-31T12:57:01.985Z] <<< [apiv2][body] GET https://firebase.googleapis.com/v1beta1/projects/xoviqlabs {"error":{"code":403,"message":"The caller does not have permission","status":"PERMISSION_DENIED"}}
[debug] [2026-05-31T12:57:01.985Z] Request to https://firebase.googleapis.com/v1beta1/projects/xoviqlabs had HTTP Error: 403, The caller does not have permission
[debug] [2026-05-31T12:57:02.452Z] FirebaseError: Request to https://firebase.googleapis.com/v1beta1/projects/xoviqlabs had HTTP Error: 403, The caller does not have permission
    at responseToError (/Users/fuadaslam/.nvm/versions/node/v20.19.4/lib/node_modules/firebase-tools/lib/responseToError.js:53:12)
    at RetryOperation._fn (/Users/fuadaslam/.nvm/versions/node/v20.19.4/lib/node_modules/firebase-tools/lib/apiv2.js:330:77)
    at process.processTicksAndRejections (node:internal/process/task_queues:95:5)
[error] 
[error] Error: Failed to get Firebase project xoviqlabs. Please make sure the project exists and your account has permission to access it.
